2022-01-10 19:44:12,167 auto_trainer.py INFO 106: train_conf_name : rm_m4_r1
2022-01-10 19:44:12,167 auto_trainer.py INFO 107: Device : cuda
2022-01-10 19:44:12,167 auto_trainer.py INFO 108: We are on!!!
2022-01-10 20:08:33,324 auto_trainer.py INFO 199: [1/100] At 6 dB, Loss: 0.0003251840 BER: 0.2712599928
2022-01-10 20:08:33,325 auto_trainer.py INFO 200: Time for one full iteration is 22.8666 minutes
2022-01-10 20:31:10,325 auto_trainer.py INFO 199: [2/100] At 6 dB, Loss: -0.0003184582 BER: 0.1837199955
2022-01-10 20:31:10,325 auto_trainer.py INFO 200: Time for one full iteration is 22.6101 minutes
2022-01-10 20:53:49,635 auto_trainer.py INFO 199: [3/100] At 6 dB, Loss: -0.0010367075 BER: 0.1526799962
2022-01-10 20:53:49,636 auto_trainer.py INFO 200: Time for one full iteration is 22.6552 minutes
2022-01-10 21:16:32,041 auto_trainer.py INFO 199: [4/100] At 6 dB, Loss: -0.0015268392 BER: 0.1306799967
2022-01-10 21:16:32,042 auto_trainer.py INFO 200: Time for one full iteration is 22.7068 minutes
2022-01-10 21:39:14,045 auto_trainer.py INFO 199: [5/100] At 6 dB, Loss: -0.0025334428 BER: 0.1130599971
2022-01-10 21:39:14,046 auto_trainer.py INFO 200: Time for one full iteration is 22.7001 minutes
2022-01-10 22:01:55,884 auto_trainer.py INFO 199: [6/100] At 6 dB, Loss: -0.0034195073 BER: 0.0996999972
2022-01-10 22:01:55,885 auto_trainer.py INFO 200: Time for one full iteration is 22.6973 minutes
2022-01-10 22:24:47,845 auto_trainer.py INFO 199: [7/100] At 6 dB, Loss: -0.0038829502 BER: 0.0887999975
2022-01-10 22:24:47,845 auto_trainer.py INFO 200: Time for one full iteration is 22.8628 minutes
2022-01-10 22:47:38,993 auto_trainer.py INFO 199: [8/100] At 6 dB, Loss: -0.0042045750 BER: 0.0801399976
2022-01-10 22:47:38,994 auto_trainer.py INFO 200: Time for one full iteration is 22.8525 minutes
2022-01-10 23:10:40,940 auto_trainer.py INFO 199: [9/100] At 6 dB, Loss: -0.0047201328 BER: 0.0771199978
2022-01-10 23:10:42,424 auto_trainer.py INFO 200: Time for one full iteration is 23.0572 minutes
2022-01-10 23:34:07,656 auto_trainer.py INFO 199: [10/100] At 6 dB, Loss: -0.0034677687 BER: 0.0715999980
2022-01-10 23:34:07,657 auto_trainer.py INFO 200: Time for one full iteration is 23.4205 minutes
2022-01-10 23:57:07,681 auto_trainer.py INFO 199: [11/100] At 6 dB, Loss: -0.0042444835 BER: 0.0682999982
2022-01-10 23:57:07,682 auto_trainer.py INFO 200: Time for one full iteration is 23.0004 minutes
2022-01-11 00:20:27,431 auto_trainer.py INFO 199: [12/100] At 6 dB, Loss: -0.0054191640 BER: 0.0678199981
2022-01-11 00:20:27,431 auto_trainer.py INFO 200: Time for one full iteration is 23.3259 minutes
2022-01-11 00:43:31,626 auto_trainer.py INFO 199: [13/100] At 6 dB, Loss: -0.0046382435 BER: 0.0655199982
2022-01-11 00:43:31,627 auto_trainer.py INFO 200: Time for one full iteration is 23.0699 minutes
2022-01-11 01:06:40,799 auto_trainer.py INFO 199: [14/100] At 6 dB, Loss: -0.0043681934 BER: 0.0600399983
2022-01-11 01:06:40,800 auto_trainer.py INFO 200: Time for one full iteration is 23.1529 minutes
2022-01-11 01:30:36,810 auto_trainer.py INFO 199: [15/100] At 6 dB, Loss: -0.0068669794 BER: 0.0580399984
2022-01-11 01:30:36,811 auto_trainer.py INFO 200: Time for one full iteration is 23.9335 minutes
2022-01-11 01:54:33,893 auto_trainer.py INFO 199: [16/100] At 6 dB, Loss: -0.0053030765 BER: 0.0602399983
2022-01-11 01:54:33,894 auto_trainer.py INFO 200: Time for one full iteration is 23.9514 minutes
2022-01-11 02:18:27,807 auto_trainer.py INFO 199: [17/100] At 6 dB, Loss: -0.0063419626 BER: 0.0562799985
2022-01-11 02:18:27,808 auto_trainer.py INFO 200: Time for one full iteration is 23.8945 minutes
2022-01-11 02:42:11,485 auto_trainer.py INFO 199: [18/100] At 6 dB, Loss: -0.0053918604 BER: 0.0552199985
2022-01-11 02:42:11,486 auto_trainer.py INFO 200: Time for one full iteration is 23.7280 minutes
2022-01-11 03:05:57,516 auto_trainer.py INFO 199: [19/100] At 6 dB, Loss: -0.0045069521 BER: 0.0533199986
2022-01-11 03:05:58,214 auto_trainer.py INFO 200: Time for one full iteration is 23.7788 minutes
2022-01-11 03:29:40,474 auto_trainer.py INFO 199: [20/100] At 6 dB, Loss: -0.0052078799 BER: 0.0537199985
2022-01-11 03:29:42,005 auto_trainer.py INFO 200: Time for one full iteration is 23.7298 minutes
2022-01-11 03:53:48,850 auto_trainer.py INFO 199: [21/100] At 6 dB, Loss: -0.0057909559 BER: 0.0521799985
2022-01-11 03:53:49,444 auto_trainer.py INFO 200: Time for one full iteration is 24.1240 minutes
2022-01-11 04:18:23,624 auto_trainer.py INFO 199: [22/100] At 6 dB, Loss: -0.0062920908 BER: 0.0522999986
2022-01-11 04:18:23,625 auto_trainer.py INFO 200: Time for one full iteration is 24.3923 minutes
2022-01-11 04:41:06,291 auto_trainer.py INFO 199: [23/100] At 6 dB, Loss: -0.0059719379 BER: 0.0499599987
2022-01-11 04:41:06,293 auto_trainer.py INFO 200: Time for one full iteration is 22.7111 minutes
2022-01-11 05:03:48,501 auto_trainer.py INFO 199: [24/100] At 6 dB, Loss: -0.0052474430 BER: 0.0492399987
2022-01-11 05:03:48,502 auto_trainer.py INFO 200: Time for one full iteration is 22.7035 minutes
2022-01-11 05:26:39,210 auto_trainer.py INFO 199: [25/100] At 6 dB, Loss: -0.0064983778 BER: 0.0491599987
2022-01-11 05:26:39,211 auto_trainer.py INFO 200: Time for one full iteration is 22.8451 minutes
2022-01-11 05:49:26,413 auto_trainer.py INFO 199: [26/100] At 6 dB, Loss: -0.0083398921 BER: 0.0498999986
2022-01-11 05:49:26,414 auto_trainer.py INFO 200: Time for one full iteration is 22.7867 minutes
2022-01-11 06:12:16,104 auto_trainer.py INFO 199: [27/100] At 6 dB, Loss: -0.0095065171 BER: 0.0483599987
2022-01-11 06:12:16,105 auto_trainer.py INFO 200: Time for one full iteration is 22.8252 minutes
2022-01-11 06:35:07,083 auto_trainer.py INFO 199: [28/100] At 6 dB, Loss: -0.0068594506 BER: 0.0473399987
2022-01-11 06:35:07,084 auto_trainer.py INFO 200: Time for one full iteration is 22.8497 minutes
2022-01-11 06:57:55,921 auto_trainer.py INFO 199: [29/100] At 6 dB, Loss: -0.0074158399 BER: 0.0459799988
2022-01-11 06:57:55,922 auto_trainer.py INFO 200: Time for one full iteration is 22.8140 minutes
2022-01-11 07:20:47,839 auto_trainer.py INFO 199: [30/100] At 6 dB, Loss: -0.0093224905 BER: 0.0471199987
2022-01-11 07:20:47,840 auto_trainer.py INFO 200: Time for one full iteration is 22.8653 minutes
2022-01-11 07:43:44,522 auto_trainer.py INFO 199: [31/100] At 6 dB, Loss: -0.0080225710 BER: 0.0459999987
2022-01-11 07:43:44,523 auto_trainer.py INFO 200: Time for one full iteration is 22.9447 minutes
2022-01-11 08:06:23,674 auto_trainer.py INFO 199: [32/100] At 6 dB, Loss: -0.0082907043 BER: 0.0458199987
2022-01-11 08:06:23,675 auto_trainer.py INFO 200: Time for one full iteration is 22.6483 minutes
2022-01-11 08:29:01,992 auto_trainer.py INFO 199: [33/100] At 6 dB, Loss: -0.0111613479 BER: 0.0464599987
2022-01-11 08:29:01,993 auto_trainer.py INFO 200: Time for one full iteration is 22.6386 minutes
2022-01-11 08:51:47,779 auto_trainer.py INFO 199: [34/100] At 6 dB, Loss: -0.0078512076 BER: 0.0453599988
2022-01-11 08:51:47,779 auto_trainer.py INFO 200: Time for one full iteration is 22.7631 minutes
2022-01-11 09:14:40,379 auto_trainer.py INFO 199: [35/100] At 6 dB, Loss: -0.0095941396 BER: 0.0456199987
2022-01-11 09:14:40,380 auto_trainer.py INFO 200: Time for one full iteration is 22.8767 minutes
2022-01-11 09:37:28,257 auto_trainer.py INFO 199: [36/100] At 6 dB, Loss: -0.0110162031 BER: 0.0442399988
2022-01-11 09:37:28,258 auto_trainer.py INFO 200: Time for one full iteration is 22.7980 minutes
2022-01-11 10:00:21,124 auto_trainer.py INFO 199: [37/100] At 6 dB, Loss: -0.0077535114 BER: 0.0445799987
2022-01-11 10:00:21,125 auto_trainer.py INFO 200: Time for one full iteration is 22.8768 minutes
2022-01-11 10:23:05,178 auto_trainer.py INFO 199: [38/100] At 6 dB, Loss: -0.0113196010 BER: 0.0432599988
2022-01-11 10:23:05,178 auto_trainer.py INFO 200: Time for one full iteration is 22.7342 minutes
2022-01-11 10:45:51,433 auto_trainer.py INFO 199: [39/100] At 6 dB, Loss: -0.0096863583 BER: 0.0435399988
2022-01-11 10:45:51,433 auto_trainer.py INFO 200: Time for one full iteration is 22.7709 minutes
2022-01-11 11:09:23,279 auto_trainer.py INFO 199: [40/100] At 6 dB, Loss: -0.0097970534 BER: 0.0450199988
2022-01-11 11:09:23,280 auto_trainer.py INFO 200: Time for one full iteration is 23.5308 minutes
2022-01-11 11:33:03,038 auto_trainer.py INFO 199: [41/100] At 6 dB, Loss: -0.0090085585 BER: 0.0430399987
2022-01-11 11:33:03,039 auto_trainer.py INFO 200: Time for one full iteration is 23.6627 minutes
2022-01-11 11:56:56,301 auto_trainer.py INFO 199: [42/100] At 6 dB, Loss: -0.0108719887 BER: 0.0428999988
2022-01-11 11:56:56,302 auto_trainer.py INFO 200: Time for one full iteration is 23.8838 minutes
2022-01-11 12:20:49,517 auto_trainer.py INFO 199: [43/100] At 6 dB, Loss: -0.0118350005 BER: 0.0399199988
2022-01-11 12:20:49,517 auto_trainer.py INFO 200: Time for one full iteration is 23.8869 minutes
2022-01-11 12:44:40,052 auto_trainer.py INFO 199: [44/100] At 6 dB, Loss: -0.0103651052 BER: 0.0416799988
2022-01-11 12:44:40,053 auto_trainer.py INFO 200: Time for one full iteration is 23.8423 minutes
2022-01-11 13:08:34,123 auto_trainer.py INFO 199: [45/100] At 6 dB, Loss: -0.0091514587 BER: 0.0419999988
2022-01-11 13:08:34,124 auto_trainer.py INFO 200: Time for one full iteration is 23.9012 minutes
2022-01-11 13:31:09,837 auto_trainer.py INFO 199: [46/100] At 6 dB, Loss: -0.0124653252 BER: 0.0415799988
2022-01-11 13:31:09,838 auto_trainer.py INFO 200: Time for one full iteration is 22.5952 minutes
2022-01-11 13:54:46,347 auto_trainer.py INFO 199: [47/100] At 6 dB, Loss: -0.0098939016 BER: 0.0425999988
2022-01-11 13:54:46,348 auto_trainer.py INFO 200: Time for one full iteration is 23.6048 minutes
2022-01-11 14:19:59,433 auto_trainer.py INFO 199: [48/100] At 6 dB, Loss: -0.0108441599 BER: 0.0418999989
2022-01-11 14:19:59,433 auto_trainer.py INFO 200: Time for one full iteration is 25.2181 minutes
2022-01-11 14:45:08,516 auto_trainer.py INFO 199: [49/100] At 6 dB, Loss: -0.0096105291 BER: 0.0421399988
2022-01-11 14:45:08,516 auto_trainer.py INFO 200: Time for one full iteration is 25.1514 minutes
2022-01-11 15:10:17,919 auto_trainer.py INFO 199: [50/100] At 6 dB, Loss: -0.0080933068 BER: 0.0416599988
2022-01-11 15:10:17,919 auto_trainer.py INFO 200: Time for one full iteration is 25.1567 minutes
2022-01-11 15:35:26,596 auto_trainer.py INFO 199: [51/100] At 6 dB, Loss: -0.0112332003 BER: 0.0427399988
2022-01-11 15:35:26,597 auto_trainer.py INFO 200: Time for one full iteration is 25.1446 minutes
2022-01-11 16:00:13,763 auto_trainer.py INFO 199: [52/100] At 6 dB, Loss: -0.0120807840 BER: 0.0401799989
2022-01-11 16:00:13,764 auto_trainer.py INFO 200: Time for one full iteration is 24.7827 minutes
2022-01-11 16:24:09,517 auto_trainer.py INFO 199: [53/100] At 6 dB, Loss: -0.0098570557 BER: 0.0414999988
2022-01-11 16:24:09,518 auto_trainer.py INFO 200: Time for one full iteration is 23.9292 minutes
2022-01-11 16:47:47,480 auto_trainer.py INFO 199: [54/100] At 6 dB, Loss: -0.0145808607 BER: 0.0399599990
2022-01-11 16:47:47,481 auto_trainer.py INFO 200: Time for one full iteration is 23.6327 minutes
2022-01-11 17:11:20,998 auto_trainer.py INFO 199: [55/100] At 6 dB, Loss: -0.0108128469 BER: 0.0411199988
2022-01-11 17:11:20,999 auto_trainer.py INFO 200: Time for one full iteration is 23.5586 minutes
2022-01-11 17:34:53,857 auto_trainer.py INFO 199: [56/100] At 6 dB, Loss: -0.0118810702 BER: 0.0408599988
2022-01-11 17:34:53,858 auto_trainer.py INFO 200: Time for one full iteration is 23.5476 minutes
2022-01-11 17:58:26,701 auto_trainer.py INFO 199: [57/100] At 6 dB, Loss: -0.0121579571 BER: 0.0421399987
2022-01-11 17:58:26,702 auto_trainer.py INFO 200: Time for one full iteration is 23.5431 minutes
2022-01-11 18:21:59,036 auto_trainer.py INFO 199: [58/100] At 6 dB, Loss: -0.0110343415 BER: 0.0400799989
2022-01-11 18:21:59,037 auto_trainer.py INFO 200: Time for one full iteration is 23.5389 minutes
2022-01-11 18:45:31,239 auto_trainer.py INFO 199: [59/100] At 6 dB, Loss: -0.0108573902 BER: 0.0393399989
2022-01-11 18:45:31,240 auto_trainer.py INFO 200: Time for one full iteration is 23.5367 minutes
2022-01-11 19:09:03,662 auto_trainer.py INFO 199: [60/100] At 6 dB, Loss: -0.0122482665 BER: 0.0408199989
2022-01-11 19:09:03,662 auto_trainer.py INFO 200: Time for one full iteration is 23.5404 minutes
2022-01-11 19:32:36,473 auto_trainer.py INFO 199: [61/100] At 6 dB, Loss: -0.0119883427 BER: 0.0384599990
2022-01-11 19:32:36,474 auto_trainer.py INFO 200: Time for one full iteration is 23.5469 minutes
2022-01-11 19:56:08,489 auto_trainer.py INFO 199: [62/100] At 6 dB, Loss: -0.0159815159 BER: 0.0393399990
2022-01-11 19:56:08,489 auto_trainer.py INFO 200: Time for one full iteration is 23.5291 minutes
2022-01-11 20:19:40,236 auto_trainer.py INFO 199: [63/100] At 6 dB, Loss: -0.0132273128 BER: 0.0387799989
2022-01-11 20:19:40,237 auto_trainer.py INFO 200: Time for one full iteration is 23.5291 minutes
2022-01-11 20:43:12,307 auto_trainer.py INFO 199: [64/100] At 6 dB, Loss: -0.0145210940 BER: 0.0377599989
2022-01-11 20:43:12,308 auto_trainer.py INFO 200: Time for one full iteration is 23.5345 minutes
2022-01-11 21:06:43,403 auto_trainer.py INFO 199: [65/100] At 6 dB, Loss: -0.0159190260 BER: 0.0396999989
2022-01-11 21:06:43,403 auto_trainer.py INFO 200: Time for one full iteration is 23.5183 minutes
2022-01-11 21:30:14,567 auto_trainer.py INFO 199: [66/100] At 6 dB, Loss: -0.0122438017 BER: 0.0389199989
2022-01-11 21:30:14,568 auto_trainer.py INFO 200: Time for one full iteration is 23.5194 minutes
2022-01-11 21:53:24,070 auto_trainer.py INFO 199: [67/100] At 6 dB, Loss: -0.0136792352 BER: 0.0371399989
2022-01-11 21:53:24,071 auto_trainer.py INFO 200: Time for one full iteration is 23.1538 minutes
2022-01-11 22:16:10,284 auto_trainer.py INFO 199: [68/100] At 6 dB, Loss: -0.0144989584 BER: 0.0382199990
2022-01-11 22:16:10,284 auto_trainer.py INFO 200: Time for one full iteration is 22.7702 minutes
2022-01-11 22:39:01,754 auto_trainer.py INFO 199: [69/100] At 6 dB, Loss: -0.0110793989 BER: 0.0391799989
2022-01-11 22:39:01,755 auto_trainer.py INFO 200: Time for one full iteration is 22.8578 minutes
2022-01-11 23:02:24,928 auto_trainer.py INFO 199: [70/100] At 6 dB, Loss: -0.0129329637 BER: 0.0380199989
2022-01-11 23:02:24,929 auto_trainer.py INFO 200: Time for one full iteration is 23.3862 minutes
2022-01-11 23:25:17,557 auto_trainer.py INFO 199: [71/100] At 6 dB, Loss: -0.0128874602 BER: 0.0390199989
2022-01-11 23:25:17,558 auto_trainer.py INFO 200: Time for one full iteration is 22.8771 minutes
2022-01-11 23:49:19,274 auto_trainer.py INFO 199: [72/100] At 6 dB, Loss: -0.0155609641 BER: 0.0388799989
2022-01-11 23:49:19,275 auto_trainer.py INFO 200: Time for one full iteration is 24.0234 minutes
2022-01-12 00:12:12,310 auto_trainer.py INFO 199: [73/100] At 6 dB, Loss: -0.0141752521 BER: 0.0391999989
2022-01-12 00:12:12,311 auto_trainer.py INFO 200: Time for one full iteration is 22.8839 minutes
2022-01-12 00:35:29,261 auto_trainer.py INFO 199: [74/100] At 6 dB, Loss: -0.0148483599 BER: 0.0365599989
2022-01-12 00:35:29,262 auto_trainer.py INFO 200: Time for one full iteration is 23.2825 minutes
2022-01-12 00:58:29,624 auto_trainer.py INFO 199: [75/100] At 6 dB, Loss: -0.0160777066 BER: 0.0373799990
2022-01-12 00:58:29,625 auto_trainer.py INFO 200: Time for one full iteration is 23.0060 minutes
2022-01-12 01:21:46,455 auto_trainer.py INFO 199: [76/100] At 6 dB, Loss: -0.0147827603 BER: 0.0376199990
2022-01-12 01:21:46,456 auto_trainer.py INFO 200: Time for one full iteration is 23.2805 minutes
2022-01-12 01:44:52,191 auto_trainer.py INFO 199: [77/100] At 6 dB, Loss: -0.0155312922 BER: 0.0383999989
2022-01-12 01:44:52,192 auto_trainer.py INFO 200: Time for one full iteration is 23.0910 minutes
2022-01-12 02:07:59,624 auto_trainer.py INFO 199: [78/100] At 6 dB, Loss: -0.0130677838 BER: 0.0397599989
2022-01-12 02:07:59,624 auto_trainer.py INFO 200: Time for one full iteration is 23.1239 minutes
2022-01-12 02:30:51,217 auto_trainer.py INFO 199: [79/100] At 6 dB, Loss: -0.0143150603 BER: 0.0365999990
2022-01-12 02:30:51,217 auto_trainer.py INFO 200: Time for one full iteration is 22.8599 minutes
2022-01-12 02:53:41,458 auto_trainer.py INFO 199: [80/100] At 6 dB, Loss: -0.0129082669 BER: 0.0392999990
2022-01-12 02:53:41,459 auto_trainer.py INFO 200: Time for one full iteration is 22.8374 minutes
2022-01-12 03:16:30,645 auto_trainer.py INFO 199: [81/100] At 6 dB, Loss: -0.0160200074 BER: 0.0382999989
2022-01-12 03:16:30,646 auto_trainer.py INFO 200: Time for one full iteration is 22.8198 minutes
2022-01-12 03:39:19,718 auto_trainer.py INFO 199: [82/100] At 6 dB, Loss: -0.0176591296 BER: 0.0374199989
2022-01-12 03:39:19,719 auto_trainer.py INFO 200: Time for one full iteration is 22.8145 minutes
2022-01-12 04:02:07,568 auto_trainer.py INFO 199: [83/100] At 6 dB, Loss: -0.0142522166 BER: 0.0391399989
2022-01-12 04:02:07,568 auto_trainer.py INFO 200: Time for one full iteration is 22.7975 minutes
2022-01-12 04:24:55,437 auto_trainer.py INFO 199: [84/100] At 6 dB, Loss: -0.0179635603 BER: 0.0381799989
2022-01-12 04:24:55,438 auto_trainer.py INFO 200: Time for one full iteration is 22.7978 minutes
2022-01-12 04:47:42,605 auto_trainer.py INFO 199: [85/100] At 6 dB, Loss: -0.0121086109 BER: 0.0369999990
2022-01-12 04:47:42,606 auto_trainer.py INFO 200: Time for one full iteration is 22.7861 minutes
2022-01-12 05:10:33,371 auto_trainer.py INFO 199: [86/100] At 6 dB, Loss: -0.0195214488 BER: 0.0386799989
2022-01-12 05:10:33,372 auto_trainer.py INFO 200: Time for one full iteration is 22.8461 minutes
2022-01-12 05:33:21,965 auto_trainer.py INFO 199: [87/100] At 6 dB, Loss: -0.0179103035 BER: 0.0367599990
2022-01-12 05:33:21,966 auto_trainer.py INFO 200: Time for one full iteration is 22.8067 minutes
2022-01-12 05:56:11,227 auto_trainer.py INFO 199: [88/100] At 6 dB, Loss: -0.0157351699 BER: 0.0374199990
2022-01-12 05:56:11,228 auto_trainer.py INFO 200: Time for one full iteration is 22.8210 minutes
2022-01-12 06:19:00,377 auto_trainer.py INFO 199: [89/100] At 6 dB, Loss: -0.0143279880 BER: 0.0363799989
2022-01-12 06:19:00,378 auto_trainer.py INFO 200: Time for one full iteration is 22.8192 minutes
2022-01-12 06:41:50,131 auto_trainer.py INFO 199: [90/100] At 6 dB, Loss: -0.0181000307 BER: 0.0376999990
2022-01-12 06:41:50,132 auto_trainer.py INFO 200: Time for one full iteration is 22.8292 minutes
2022-01-12 07:04:39,820 auto_trainer.py INFO 199: [91/100] At 6 dB, Loss: -0.0188891441 BER: 0.0397599989
2022-01-12 07:04:39,821 auto_trainer.py INFO 200: Time for one full iteration is 22.8282 minutes
2022-01-12 07:27:28,800 auto_trainer.py INFO 199: [92/100] At 6 dB, Loss: -0.0213869326 BER: 0.0359799990
2022-01-12 07:27:28,801 auto_trainer.py INFO 200: Time for one full iteration is 22.8128 minutes
2022-01-12 07:50:21,371 auto_trainer.py INFO 199: [93/100] At 6 dB, Loss: -0.0202952009 BER: 0.0392799989
2022-01-12 07:50:21,372 auto_trainer.py INFO 200: Time for one full iteration is 22.8762 minutes
2022-01-12 08:13:10,516 auto_trainer.py INFO 199: [94/100] At 6 dB, Loss: -0.0129721435 BER: 0.0371199990
2022-01-12 08:13:10,517 auto_trainer.py INFO 200: Time for one full iteration is 22.8191 minutes
2022-01-12 08:36:00,806 auto_trainer.py INFO 199: [95/100] At 6 dB, Loss: -0.0209881254 BER: 0.0373399989
2022-01-12 08:36:00,807 auto_trainer.py INFO 200: Time for one full iteration is 22.8382 minutes
2022-01-12 08:58:50,377 auto_trainer.py INFO 199: [96/100] At 6 dB, Loss: -0.0139605822 BER: 0.0388999989
2022-01-12 08:58:50,378 auto_trainer.py INFO 200: Time for one full iteration is 22.8262 minutes
2022-01-12 09:21:44,851 auto_trainer.py INFO 199: [97/100] At 6 dB, Loss: -0.0171139464 BER: 0.0370599990
2022-01-12 09:21:44,852 auto_trainer.py INFO 200: Time for one full iteration is 22.9050 minutes
2022-01-12 09:44:37,830 auto_trainer.py INFO 199: [98/100] At 6 dB, Loss: -0.0212236457 BER: 0.0374199989
2022-01-12 09:44:37,831 auto_trainer.py INFO 200: Time for one full iteration is 22.8830 minutes
2022-01-12 10:07:29,269 auto_trainer.py INFO 199: [99/100] At 6 dB, Loss: -0.0182011239 BER: 0.0364999990
2022-01-12 10:07:29,270 auto_trainer.py INFO 200: Time for one full iteration is 22.8573 minutes
2022-01-12 10:30:21,797 auto_trainer.py INFO 199: [100/100] At 6 dB, Loss: -0.0234814752 BER: 0.0384599990
2022-01-12 10:30:21,798 auto_trainer.py INFO 200: Time for one full iteration is 22.8755 minutes
2022-01-12 10:30:21,798 auto_trainer.py WARNING 228: Finished
