2022-01-16 13:24:38,743 auto_trainer.py INFO 76: train_conf_name : rm_m4_r1
2022-01-16 13:24:38,743 auto_trainer.py INFO 77: Device : cuda
2022-01-16 13:24:38,743 auto_trainer.py INFO 78: We are on!!!
2022-01-16 13:52:29,596 auto_trainer.py INFO 173: [1/100] At ENC SNR -2.000000 dB DEC SNR -4.000000 dB, Loss: 0.0011735116 BER: 0.4760599878
2022-01-16 13:52:29,596 auto_trainer.py INFO 174: Time for one full iteration is 27.6722 minutes
2022-01-16 14:21:17,567 auto_trainer.py INFO 173: [2/100] At ENC SNR -2.000000 dB DEC SNR -4.000000 dB, Loss: 0.0016517852 BER: 0.4738999878
2022-01-16 14:21:17,567 auto_trainer.py INFO 174: Time for one full iteration is 28.7949 minutes
2022-01-16 14:49:25,321 auto_trainer.py INFO 173: [3/100] At ENC SNR -2.000000 dB DEC SNR -4.000000 dB, Loss: 0.0011240541 BER: 0.4734399881
2022-01-16 14:49:25,321 auto_trainer.py INFO 174: Time for one full iteration is 28.1292 minutes
2022-01-16 15:17:03,822 auto_trainer.py INFO 173: [4/100] At ENC SNR -2.000000 dB DEC SNR -4.000000 dB, Loss: 0.0018294217 BER: 0.4767399879
2022-01-16 15:17:03,823 auto_trainer.py INFO 174: Time for one full iteration is 27.6417 minutes
2022-01-16 15:44:25,715 auto_trainer.py INFO 173: [5/100] At ENC SNR -2.000000 dB DEC SNR -4.000000 dB, Loss: 0.0014038055 BER: 0.4727799879
2022-01-16 15:44:25,716 auto_trainer.py INFO 174: Time for one full iteration is 27.3649 minutes
2022-01-16 16:11:50,174 auto_trainer.py INFO 173: [6/100] At ENC SNR -2.000000 dB DEC SNR -4.000000 dB, Loss: 0.0020790258 BER: 0.4755199876
2022-01-16 16:11:50,175 auto_trainer.py INFO 174: Time for one full iteration is 27.4076 minutes
2022-01-16 16:39:38,066 auto_trainer.py INFO 173: [7/100] At ENC SNR -2.000000 dB DEC SNR -4.000000 dB, Loss: 0.0005859576 BER: 0.4728799880
2022-01-16 16:39:38,067 auto_trainer.py INFO 174: Time for one full iteration is 27.7982 minutes
2022-01-16 17:07:03,271 auto_trainer.py INFO 173: [8/100] At ENC SNR -2.000000 dB DEC SNR -4.000000 dB, Loss: 0.0011731540 BER: 0.4739399876
2022-01-16 17:07:03,272 auto_trainer.py INFO 174: Time for one full iteration is 27.4201 minutes
2022-01-16 17:34:19,862 auto_trainer.py INFO 173: [9/100] At ENC SNR -2.000000 dB DEC SNR -4.000000 dB, Loss: 0.0016035746 BER: 0.4758399875
2022-01-16 17:34:19,863 auto_trainer.py INFO 174: Time for one full iteration is 27.2765 minutes
2022-01-16 18:01:38,409 auto_trainer.py INFO 173: [10/100] At ENC SNR -2.000000 dB DEC SNR -4.000000 dB, Loss: 0.0013782817 BER: 0.4737399876
2022-01-16 18:01:38,410 auto_trainer.py INFO 174: Time for one full iteration is 27.3091 minutes
2022-01-16 18:29:00,945 auto_trainer.py INFO 173: [11/100] At ENC SNR -2.000000 dB DEC SNR -4.000000 dB, Loss: 0.0012727897 BER: 0.4719399872
2022-01-16 18:29:00,946 auto_trainer.py INFO 174: Time for one full iteration is 27.3756 minutes
2022-01-16 18:56:47,186 auto_trainer.py INFO 173: [12/100] At ENC SNR -2.000000 dB DEC SNR -4.000000 dB, Loss: 0.0018219935 BER: 0.4749399882
2022-01-16 18:56:47,187 auto_trainer.py INFO 174: Time for one full iteration is 27.7707 minutes
2022-01-16 19:24:09,974 auto_trainer.py INFO 173: [13/100] At ENC SNR -2.000000 dB DEC SNR -4.000000 dB, Loss: 0.0019666222 BER: 0.4761799870
2022-01-16 19:24:09,975 auto_trainer.py INFO 174: Time for one full iteration is 27.3798 minutes
2022-01-16 19:51:37,908 auto_trainer.py INFO 173: [14/100] At ENC SNR -2.000000 dB DEC SNR -4.000000 dB, Loss: 0.0013807636 BER: 0.4757199882
2022-01-16 19:51:37,909 auto_trainer.py INFO 174: Time for one full iteration is 27.4656 minutes
2022-01-16 20:19:11,400 auto_trainer.py INFO 173: [15/100] At ENC SNR -2.000000 dB DEC SNR -4.000000 dB, Loss: 0.0010434180 BER: 0.4736399876
2022-01-16 20:19:11,401 auto_trainer.py INFO 174: Time for one full iteration is 27.5582 minutes
2022-01-16 20:46:33,891 auto_trainer.py INFO 173: [16/100] At ENC SNR -2.000000 dB DEC SNR -4.000000 dB, Loss: 0.0013868444 BER: 0.4754399875
2022-01-16 20:46:33,892 auto_trainer.py INFO 174: Time for one full iteration is 27.3749 minutes
2022-01-16 21:14:34,104 auto_trainer.py INFO 173: [17/100] At ENC SNR -2.000000 dB DEC SNR -4.000000 dB, Loss: 0.0016835203 BER: 0.4738199874
2022-01-16 21:14:34,105 auto_trainer.py INFO 174: Time for one full iteration is 28.0035 minutes
2022-01-16 21:42:06,149 auto_trainer.py INFO 173: [18/100] At ENC SNR -2.000000 dB DEC SNR -4.000000 dB, Loss: 0.0015027110 BER: 0.4732199885
2022-01-16 21:42:06,149 auto_trainer.py INFO 174: Time for one full iteration is 27.5341 minutes
2022-01-16 22:09:38,582 auto_trainer.py INFO 173: [19/100] At ENC SNR -2.000000 dB DEC SNR -4.000000 dB, Loss: 0.0013979324 BER: 0.4740999873
2022-01-16 22:09:38,582 auto_trainer.py INFO 174: Time for one full iteration is 27.5405 minutes
2022-01-16 22:37:05,096 auto_trainer.py INFO 173: [20/100] At ENC SNR -2.000000 dB DEC SNR -4.000000 dB, Loss: 0.0016132436 BER: 0.4755999873
2022-01-16 22:37:05,096 auto_trainer.py INFO 174: Time for one full iteration is 27.4419 minutes
2022-01-16 23:04:38,761 auto_trainer.py INFO 173: [21/100] At ENC SNR -2.000000 dB DEC SNR -4.000000 dB, Loss: 0.0011456845 BER: 0.4747599871
2022-01-16 23:04:38,762 auto_trainer.py INFO 174: Time for one full iteration is 27.5611 minutes
2022-01-16 23:32:28,975 auto_trainer.py INFO 173: [22/100] At ENC SNR -2.000000 dB DEC SNR -4.000000 dB, Loss: 0.0014919501 BER: 0.4724799871
2022-01-16 23:32:28,975 auto_trainer.py INFO 174: Time for one full iteration is 27.8326 minutes
2022-01-17 00:00:01,961 auto_trainer.py INFO 173: [23/100] At ENC SNR -2.000000 dB DEC SNR -4.000000 dB, Loss: 0.0013212970 BER: 0.4747399877
2022-01-17 00:00:01,961 auto_trainer.py INFO 174: Time for one full iteration is 27.5498 minutes
2022-01-17 00:27:30,027 auto_trainer.py INFO 173: [24/100] At ENC SNR -2.000000 dB DEC SNR -4.000000 dB, Loss: 0.0020882331 BER: 0.4717399877
2022-01-17 00:27:30,027 auto_trainer.py INFO 174: Time for one full iteration is 27.4678 minutes
2022-01-17 00:55:05,512 auto_trainer.py INFO 173: [25/100] At ENC SNR -2.000000 dB DEC SNR -4.000000 dB, Loss: 0.0020066693 BER: 0.4715199871
2022-01-17 00:55:05,513 auto_trainer.py INFO 174: Time for one full iteration is 27.5914 minutes
2022-01-17 01:22:50,332 auto_trainer.py INFO 173: [26/100] At ENC SNR -2.000000 dB DEC SNR -4.000000 dB, Loss: 0.0016637860 BER: 0.4754399869
2022-01-17 01:22:50,333 auto_trainer.py INFO 174: Time for one full iteration is 27.7470 minutes
2022-01-17 01:50:15,152 auto_trainer.py INFO 173: [27/100] At ENC SNR -2.000000 dB DEC SNR -4.000000 dB, Loss: 0.0006168660 BER: 0.4767799879
2022-01-17 01:50:15,153 auto_trainer.py INFO 174: Time for one full iteration is 27.4137 minutes
2022-01-17 02:17:43,966 auto_trainer.py INFO 173: [28/100] At ENC SNR -2.000000 dB DEC SNR -4.000000 dB, Loss: 0.0013349868 BER: 0.4756799868
2022-01-17 02:17:43,967 auto_trainer.py INFO 174: Time for one full iteration is 27.4802 minutes
2022-01-17 02:45:31,026 auto_trainer.py INFO 173: [29/100] At ENC SNR -2.000000 dB DEC SNR -4.000000 dB, Loss: 0.0014853118 BER: 0.4754799871
2022-01-17 02:45:31,027 auto_trainer.py INFO 174: Time for one full iteration is 27.7843 minutes
2022-01-17 03:13:46,174 auto_trainer.py INFO 173: [30/100] At ENC SNR -2.000000 dB DEC SNR -4.000000 dB, Loss: 0.0009636090 BER: 0.4729199871
2022-01-17 03:13:46,175 auto_trainer.py INFO 174: Time for one full iteration is 28.2525 minutes
2022-01-17 03:42:46,903 auto_trainer.py INFO 173: [31/100] At ENC SNR -2.000000 dB DEC SNR -4.000000 dB, Loss: 0.0013059368 BER: 0.4758399885
2022-01-17 03:42:46,904 auto_trainer.py INFO 174: Time for one full iteration is 29.0121 minutes
2022-01-17 04:12:24,102 auto_trainer.py INFO 173: [32/100] At ENC SNR -2.000000 dB DEC SNR -4.000000 dB, Loss: 0.0014558362 BER: 0.4756599882
2022-01-17 04:12:24,102 auto_trainer.py INFO 174: Time for one full iteration is 29.6200 minutes
2022-01-17 04:42:16,261 auto_trainer.py INFO 173: [33/100] At ENC SNR -2.000000 dB DEC SNR -4.000000 dB, Loss: 0.0010013966 BER: 0.4775799877
2022-01-17 04:42:16,262 auto_trainer.py INFO 174: Time for one full iteration is 29.8693 minutes
2022-01-17 05:11:56,556 auto_trainer.py INFO 173: [34/100] At ENC SNR -2.000000 dB DEC SNR -4.000000 dB, Loss: 0.0017904297 BER: 0.4722999874
2022-01-17 05:11:56,556 auto_trainer.py INFO 174: Time for one full iteration is 29.6716 minutes
2022-01-17 05:41:30,281 auto_trainer.py INFO 173: [35/100] At ENC SNR -2.000000 dB DEC SNR -4.000000 dB, Loss: 0.0016970489 BER: 0.4728399878
2022-01-17 05:41:30,282 auto_trainer.py INFO 174: Time for one full iteration is 29.5621 minutes
2022-01-17 06:11:04,468 auto_trainer.py INFO 173: [36/100] At ENC SNR -2.000000 dB DEC SNR -4.000000 dB, Loss: 0.0017627152 BER: 0.4769599875
2022-01-17 06:11:04,468 auto_trainer.py INFO 174: Time for one full iteration is 29.5698 minutes
2022-01-17 06:41:00,154 auto_trainer.py INFO 173: [37/100] At ENC SNR -2.000000 dB DEC SNR -4.000000 dB, Loss: 0.0013530958 BER: 0.4750199876
2022-01-17 06:41:00,155 auto_trainer.py INFO 174: Time for one full iteration is 29.9281 minutes
2022-01-17 07:10:28,733 auto_trainer.py INFO 173: [38/100] At ENC SNR -2.000000 dB DEC SNR -4.000000 dB, Loss: 0.0009407198 BER: 0.4725799875
2022-01-17 07:10:28,734 auto_trainer.py INFO 174: Time for one full iteration is 29.4763 minutes
2022-01-17 07:40:01,440 auto_trainer.py INFO 173: [39/100] At ENC SNR -2.000000 dB DEC SNR -4.000000 dB, Loss: 0.0012814187 BER: 0.4765599880
2022-01-17 07:40:01,440 auto_trainer.py INFO 174: Time for one full iteration is 29.5451 minutes
2022-01-17 08:09:41,175 auto_trainer.py INFO 173: [40/100] At ENC SNR -2.000000 dB DEC SNR -4.000000 dB, Loss: 0.0017583965 BER: 0.4727799874
2022-01-17 08:09:41,175 auto_trainer.py INFO 174: Time for one full iteration is 29.6623 minutes
2022-01-17 08:39:09,729 auto_trainer.py INFO 173: [41/100] At ENC SNR -2.000000 dB DEC SNR -4.000000 dB, Loss: 0.0018880728 BER: 0.4731599878
2022-01-17 08:39:09,730 auto_trainer.py INFO 174: Time for one full iteration is 29.4759 minutes
2022-01-17 09:08:38,831 auto_trainer.py INFO 173: [42/100] At ENC SNR -2.000000 dB DEC SNR -4.000000 dB, Loss: 0.0013561625 BER: 0.4753399882
2022-01-17 09:08:38,832 auto_trainer.py INFO 174: Time for one full iteration is 29.4809 minutes
2022-01-17 09:38:08,059 auto_trainer.py INFO 173: [43/100] At ENC SNR -2.000000 dB DEC SNR -4.000000 dB, Loss: 0.0013288887 BER: 0.4734399875
2022-01-17 09:38:08,060 auto_trainer.py INFO 174: Time for one full iteration is 29.4871 minutes
2022-01-17 10:08:24,083 auto_trainer.py INFO 173: [44/100] At ENC SNR -2.000000 dB DEC SNR -4.000000 dB, Loss: 0.0010745914 BER: 0.4725799880
2022-01-17 10:08:24,084 auto_trainer.py INFO 174: Time for one full iteration is 30.2671 minutes
2022-01-17 10:38:02,283 auto_trainer.py INFO 173: [45/100] At ENC SNR -2.000000 dB DEC SNR -4.000000 dB, Loss: 0.0010934642 BER: 0.4702199876
2022-01-17 10:38:02,283 auto_trainer.py INFO 174: Time for one full iteration is 29.6367 minutes
2022-01-17 11:05:38,182 auto_trainer.py INFO 173: [46/100] At ENC SNR -2.000000 dB DEC SNR -4.000000 dB, Loss: 0.0019337799 BER: 0.4723199883
2022-01-17 11:05:38,183 auto_trainer.py INFO 174: Time for one full iteration is 27.5983 minutes
2022-01-17 11:34:22,353 auto_trainer.py INFO 173: [47/100] At ENC SNR -2.000000 dB DEC SNR -4.000000 dB, Loss: 0.0020476168 BER: 0.4729199879
2022-01-17 11:34:22,354 auto_trainer.py INFO 174: Time for one full iteration is 28.7362 minutes
2022-01-17 12:01:36,342 auto_trainer.py INFO 173: [48/100] At ENC SNR -2.000000 dB DEC SNR -4.000000 dB, Loss: 0.0013718997 BER: 0.4751799877
2022-01-17 12:01:36,343 auto_trainer.py INFO 174: Time for one full iteration is 27.2332 minutes
2022-01-17 12:28:50,146 auto_trainer.py INFO 173: [49/100] At ENC SNR -2.000000 dB DEC SNR -4.000000 dB, Loss: 0.0016244481 BER: 0.4740799882
2022-01-17 12:28:50,147 auto_trainer.py INFO 174: Time for one full iteration is 27.2301 minutes
2022-01-17 12:56:10,257 auto_trainer.py INFO 173: [50/100] At ENC SNR -2.000000 dB DEC SNR -4.000000 dB, Loss: 0.0014298969 BER: 0.4728599883
2022-01-17 12:56:10,258 auto_trainer.py INFO 174: Time for one full iteration is 27.3352 minutes
2022-01-17 13:24:35,052 auto_trainer.py INFO 173: [51/100] At ENC SNR -2.000000 dB DEC SNR -4.000000 dB, Loss: 0.0012905304 BER: 0.4746399871
2022-01-17 13:24:35,052 auto_trainer.py INFO 174: Time for one full iteration is 28.4132 minutes
2022-01-17 13:51:55,924 auto_trainer.py INFO 173: [52/100] At ENC SNR -2.000000 dB DEC SNR -4.000000 dB, Loss: 0.0011715411 BER: 0.4755199888
2022-01-17 13:51:55,924 auto_trainer.py INFO 174: Time for one full iteration is 27.3479 minutes
2022-01-17 14:19:23,520 auto_trainer.py INFO 173: [53/100] At ENC SNR -2.000000 dB DEC SNR -4.000000 dB, Loss: 0.0013975155 BER: 0.4718199878
2022-01-17 14:19:23,520 auto_trainer.py INFO 174: Time for one full iteration is 27.4599 minutes
2022-01-17 14:46:46,040 auto_trainer.py INFO 173: [54/100] At ENC SNR -2.000000 dB DEC SNR -4.000000 dB, Loss: 0.0016148255 BER: 0.4699599874
2022-01-17 14:46:46,041 auto_trainer.py INFO 174: Time for one full iteration is 27.3753 minutes
2022-01-17 15:14:06,904 auto_trainer.py INFO 173: [55/100] At ENC SNR -2.000000 dB DEC SNR -4.000000 dB, Loss: 0.0013510553 BER: 0.4773799878
2022-01-17 15:14:06,905 auto_trainer.py INFO 174: Time for one full iteration is 27.3477 minutes
2022-01-17 15:41:47,960 auto_trainer.py INFO 173: [56/100] At ENC SNR -2.000000 dB DEC SNR -4.000000 dB, Loss: 0.0023257881 BER: 0.4748799877
2022-01-17 15:41:47,960 auto_trainer.py INFO 174: Time for one full iteration is 27.6843 minutes
2022-01-17 16:09:07,835 auto_trainer.py INFO 173: [57/100] At ENC SNR -2.000000 dB DEC SNR -4.000000 dB, Loss: 0.0011351343 BER: 0.4744799874
2022-01-17 16:09:07,835 auto_trainer.py INFO 174: Time for one full iteration is 27.3313 minutes
2022-01-17 16:37:21,567 auto_trainer.py INFO 173: [58/100] At ENC SNR -2.000000 dB DEC SNR -4.000000 dB, Loss: 0.0012578403 BER: 0.4760399881
2022-01-17 16:37:21,568 auto_trainer.py INFO 174: Time for one full iteration is 28.2289 minutes
2022-01-17 17:04:22,186 auto_trainer.py INFO 173: [59/100] At ENC SNR -2.000000 dB DEC SNR -4.000000 dB, Loss: 0.0013756067 BER: 0.4717599875
2022-01-17 17:04:22,186 auto_trainer.py INFO 174: Time for one full iteration is 27.0103 minutes
2022-01-17 17:31:50,197 auto_trainer.py INFO 173: [60/100] At ENC SNR -2.000000 dB DEC SNR -4.000000 dB, Loss: 0.0012107848 BER: 0.4752999882
2022-01-17 17:31:50,198 auto_trainer.py INFO 174: Time for one full iteration is 27.4669 minutes
2022-01-17 17:59:13,884 auto_trainer.py INFO 173: [61/100] At ENC SNR -2.000000 dB DEC SNR -4.000000 dB, Loss: 0.0014925421 BER: 0.4724599884
2022-01-17 17:59:13,885 auto_trainer.py INFO 174: Time for one full iteration is 27.3948 minutes
2022-01-17 18:26:07,177 auto_trainer.py INFO 173: [62/100] At ENC SNR -2.000000 dB DEC SNR -4.000000 dB, Loss: 0.0011246061 BER: 0.4747999876
2022-01-17 18:26:07,178 auto_trainer.py INFO 174: Time for one full iteration is 26.8839 minutes
2022-01-17 18:53:02,365 auto_trainer.py INFO 173: [63/100] At ENC SNR -2.000000 dB DEC SNR -4.000000 dB, Loss: 0.0010433503 BER: 0.4735399886
2022-01-17 18:53:02,366 auto_trainer.py INFO 174: Time for one full iteration is 26.9198 minutes
2022-01-17 19:20:31,843 auto_trainer.py INFO 173: [64/100] At ENC SNR -2.000000 dB DEC SNR -4.000000 dB, Loss: 0.0016400716 BER: 0.4758999872
2022-01-17 19:20:31,844 auto_trainer.py INFO 174: Time for one full iteration is 27.4913 minutes
2022-01-17 19:48:02,632 auto_trainer.py INFO 173: [65/100] At ENC SNR -2.000000 dB DEC SNR -4.000000 dB, Loss: 0.0017471954 BER: 0.4728599879
2022-01-17 19:48:02,632 auto_trainer.py INFO 174: Time for one full iteration is 27.5131 minutes
2022-01-17 20:15:07,459 auto_trainer.py INFO 173: [66/100] At ENC SNR -2.000000 dB DEC SNR -4.000000 dB, Loss: 0.0012914051 BER: 0.4741599875
2022-01-17 20:15:07,460 auto_trainer.py INFO 174: Time for one full iteration is 27.0805 minutes
2022-01-17 20:42:12,596 auto_trainer.py INFO 173: [67/100] At ENC SNR -2.000000 dB DEC SNR -4.000000 dB, Loss: 0.0019557218 BER: 0.4756599874
2022-01-17 20:42:12,597 auto_trainer.py INFO 174: Time for one full iteration is 27.0856 minutes
2022-01-17 21:10:47,860 auto_trainer.py INFO 173: [68/100] At ENC SNR -2.000000 dB DEC SNR -4.000000 dB, Loss: 0.0024204620 BER: 0.4717199879
2022-01-17 21:10:47,861 auto_trainer.py INFO 174: Time for one full iteration is 28.5877 minutes
2022-01-17 21:38:23,407 auto_trainer.py INFO 173: [69/100] At ENC SNR -2.000000 dB DEC SNR -4.000000 dB, Loss: 0.0011872738 BER: 0.4735399877
2022-01-17 21:38:23,408 auto_trainer.py INFO 174: Time for one full iteration is 27.5924 minutes
2022-01-17 22:05:43,336 auto_trainer.py INFO 173: [70/100] At ENC SNR -2.000000 dB DEC SNR -4.000000 dB, Loss: 0.0012380099 BER: 0.4741599881
2022-01-17 22:05:43,336 auto_trainer.py INFO 174: Time for one full iteration is 27.3321 minutes
2022-01-17 22:33:18,842 auto_trainer.py INFO 173: [71/100] At ENC SNR -2.000000 dB DEC SNR -4.000000 dB, Loss: 0.0013095548 BER: 0.4749999884
2022-01-17 22:33:18,843 auto_trainer.py INFO 174: Time for one full iteration is 27.5918 minutes
2022-01-17 23:01:11,468 auto_trainer.py INFO 173: [72/100] At ENC SNR -2.000000 dB DEC SNR -4.000000 dB, Loss: 0.0013938132 BER: 0.4778399878
2022-01-17 23:01:11,469 auto_trainer.py INFO 174: Time for one full iteration is 27.8771 minutes
2022-01-17 23:28:32,010 auto_trainer.py INFO 173: [73/100] At ENC SNR -2.000000 dB DEC SNR -4.000000 dB, Loss: 0.0017125910 BER: 0.4738399876
2022-01-17 23:28:32,010 auto_trainer.py INFO 174: Time for one full iteration is 27.3424 minutes
2022-01-17 23:56:10,272 auto_trainer.py INFO 173: [74/100] At ENC SNR -2.000000 dB DEC SNR -4.000000 dB, Loss: 0.0017741647 BER: 0.4712799881
2022-01-17 23:56:10,273 auto_trainer.py INFO 174: Time for one full iteration is 27.6377 minutes
2022-01-18 00:23:43,013 auto_trainer.py INFO 173: [75/100] At ENC SNR -2.000000 dB DEC SNR -4.000000 dB, Loss: 0.0014474280 BER: 0.4727799882
2022-01-18 00:23:43,013 auto_trainer.py INFO 174: Time for one full iteration is 27.5457 minutes
2022-01-18 00:51:28,574 auto_trainer.py INFO 173: [76/100] At ENC SNR -2.000000 dB DEC SNR -4.000000 dB, Loss: 0.0011564391 BER: 0.4716799874
2022-01-18 00:51:28,574 auto_trainer.py INFO 174: Time for one full iteration is 27.7594 minutes
2022-01-18 01:18:51,397 auto_trainer.py INFO 173: [77/100] At ENC SNR -2.000000 dB DEC SNR -4.000000 dB, Loss: 0.0012587234 BER: 0.4724599885
2022-01-18 01:18:51,398 auto_trainer.py INFO 174: Time for one full iteration is 27.3804 minutes
2022-01-18 01:46:14,717 auto_trainer.py INFO 173: [78/100] At ENC SNR -2.000000 dB DEC SNR -4.000000 dB, Loss: 0.0012201534 BER: 0.4750399874
2022-01-18 01:46:14,717 auto_trainer.py INFO 174: Time for one full iteration is 27.3887 minutes
2022-01-18 02:13:36,384 auto_trainer.py INFO 173: [79/100] At ENC SNR -2.000000 dB DEC SNR -4.000000 dB, Loss: 0.0010371514 BER: 0.4743999876
2022-01-18 02:13:36,385 auto_trainer.py INFO 174: Time for one full iteration is 27.3611 minutes
2022-01-18 02:40:52,512 auto_trainer.py INFO 173: [80/100] At ENC SNR -2.000000 dB DEC SNR -4.000000 dB, Loss: 0.0020372784 BER: 0.4737399872
2022-01-18 02:40:52,513 auto_trainer.py INFO 174: Time for one full iteration is 27.2688 minutes
2022-01-18 03:08:02,641 auto_trainer.py INFO 173: [81/100] At ENC SNR -2.000000 dB DEC SNR -4.000000 dB, Loss: 0.0011146347 BER: 0.4722599881
2022-01-18 03:08:02,642 auto_trainer.py INFO 174: Time for one full iteration is 27.1688 minutes
2022-01-18 03:38:51,152 auto_trainer.py INFO 173: [82/100] At ENC SNR -2.000000 dB DEC SNR -4.000000 dB, Loss: 0.0016419659 BER: 0.4773999873
2022-01-18 03:38:51,153 auto_trainer.py INFO 174: Time for one full iteration is 30.8041 minutes
2022-01-18 04:09:41,259 auto_trainer.py INFO 173: [83/100] At ENC SNR -2.000000 dB DEC SNR -4.000000 dB, Loss: 0.0017482510 BER: 0.4738199875
2022-01-18 04:09:41,259 auto_trainer.py INFO 174: Time for one full iteration is 30.8351 minutes
2022-01-18 04:37:03,975 auto_trainer.py INFO 173: [84/100] At ENC SNR -2.000000 dB DEC SNR -4.000000 dB, Loss: 0.0017059284 BER: 0.4734799875
2022-01-18 04:37:03,976 auto_trainer.py INFO 174: Time for one full iteration is 27.3786 minutes
2022-01-18 05:04:45,927 auto_trainer.py INFO 173: [85/100] At ENC SNR -2.000000 dB DEC SNR -4.000000 dB, Loss: 0.0011205463 BER: 0.4720799882
2022-01-18 05:04:45,927 auto_trainer.py INFO 174: Time for one full iteration is 27.6992 minutes
2022-01-18 05:33:31,314 auto_trainer.py INFO 173: [86/100] At ENC SNR -2.000000 dB DEC SNR -4.000000 dB, Loss: 0.0013121029 BER: 0.4726999877
2022-01-18 05:33:31,315 auto_trainer.py INFO 174: Time for one full iteration is 28.7565 minutes
2022-01-18 06:02:20,399 auto_trainer.py INFO 173: [87/100] At ENC SNR -2.000000 dB DEC SNR -4.000000 dB, Loss: 0.0009978152 BER: 0.4753799868
2022-01-18 06:02:20,400 auto_trainer.py INFO 174: Time for one full iteration is 28.8181 minutes
2022-01-18 06:31:07,950 auto_trainer.py INFO 173: [88/100] At ENC SNR -2.000000 dB DEC SNR -4.000000 dB, Loss: 0.0015856457 BER: 0.4760999869
2022-01-18 06:31:07,951 auto_trainer.py INFO 174: Time for one full iteration is 28.7925 minutes
2022-01-18 06:59:49,388 auto_trainer.py INFO 173: [89/100] At ENC SNR -2.000000 dB DEC SNR -4.000000 dB, Loss: 0.0011749514 BER: 0.4761599876
2022-01-18 06:59:49,389 auto_trainer.py INFO 174: Time for one full iteration is 28.6906 minutes
2022-01-18 07:28:30,118 auto_trainer.py INFO 173: [90/100] At ENC SNR -2.000000 dB DEC SNR -4.000000 dB, Loss: 0.0011957060 BER: 0.4760399869
2022-01-18 07:28:30,119 auto_trainer.py INFO 174: Time for one full iteration is 28.6788 minutes
2022-01-18 07:57:09,267 auto_trainer.py INFO 173: [91/100] At ENC SNR -2.000000 dB DEC SNR -4.000000 dB, Loss: 0.0008930324 BER: 0.4739199874
2022-01-18 07:57:09,267 auto_trainer.py INFO 174: Time for one full iteration is 28.6525 minutes
2022-01-18 08:25:49,109 auto_trainer.py INFO 173: [92/100] At ENC SNR -2.000000 dB DEC SNR -4.000000 dB, Loss: 0.0015444718 BER: 0.4772999877
2022-01-18 08:25:49,109 auto_trainer.py INFO 174: Time for one full iteration is 28.6640 minutes
2022-01-18 08:55:18,879 auto_trainer.py INFO 173: [93/100] At ENC SNR -2.000000 dB DEC SNR -4.000000 dB, Loss: 0.0008883197 BER: 0.4738399875
2022-01-18 08:55:18,879 auto_trainer.py INFO 174: Time for one full iteration is 29.4962 minutes
2022-01-18 09:23:53,381 auto_trainer.py INFO 173: [94/100] At ENC SNR -2.000000 dB DEC SNR -4.000000 dB, Loss: 0.0013939197 BER: 0.4765799872
2022-01-18 09:23:53,382 auto_trainer.py INFO 174: Time for one full iteration is 28.5750 minutes
2022-01-18 09:52:28,001 auto_trainer.py INFO 173: [95/100] At ENC SNR -2.000000 dB DEC SNR -4.000000 dB, Loss: 0.0012735764 BER: 0.4761599888
2022-01-18 09:52:28,002 auto_trainer.py INFO 174: Time for one full iteration is 28.5770 minutes
2022-01-18 10:22:04,122 auto_trainer.py INFO 173: [96/100] At ENC SNR -2.000000 dB DEC SNR -4.000000 dB, Loss: 0.0026708359 BER: 0.4741399875
2022-01-18 10:22:04,123 auto_trainer.py INFO 174: Time for one full iteration is 29.6020 minutes
2022-01-18 10:50:41,475 auto_trainer.py INFO 173: [97/100] At ENC SNR -2.000000 dB DEC SNR -4.000000 dB, Loss: 0.0010359243 BER: 0.4726199875
2022-01-18 10:50:41,476 auto_trainer.py INFO 174: Time for one full iteration is 28.6225 minutes
2022-01-18 11:19:16,625 auto_trainer.py INFO 173: [98/100] At ENC SNR -2.000000 dB DEC SNR -4.000000 dB, Loss: 0.0014370494 BER: 0.4746799879
2022-01-18 11:19:16,625 auto_trainer.py INFO 174: Time for one full iteration is 28.5858 minutes
2022-01-18 11:48:48,651 auto_trainer.py INFO 173: [99/100] At ENC SNR -2.000000 dB DEC SNR -4.000000 dB, Loss: 0.0019953479 BER: 0.4718999875
2022-01-18 11:48:48,652 auto_trainer.py INFO 174: Time for one full iteration is 29.5338 minutes
2022-01-18 12:17:27,836 auto_trainer.py INFO 173: [100/100] At ENC SNR -2.000000 dB DEC SNR -4.000000 dB, Loss: 0.0007369949 BER: 0.4735799869
2022-01-18 12:17:27,837 auto_trainer.py INFO 174: Time for one full iteration is 28.6531 minutes
2022-01-18 12:17:27,837 auto_trainer.py WARNING 202: Finished
