2022-01-06 07:51:35,527 auto_tester.py INFO 45: test_conf_name : rm_m4_r1
2022-01-06 07:51:35,527 auto_tester.py INFO 46: Device : cuda
2022-01-06 07:51:35,527 auto_tester.py INFO 102: Testing code!!!!
2022-01-06 07:51:46,201 auto_tester.py INFO 120: Less go!
2022-01-06 07:51:52,636 auto_tester.py WARNING 96: [Testing Block] SNR=1 : BER=0.0015400
2022-01-06 07:51:52,637 auto_tester.py INFO 97: Time for one full iteration is 0.1072 minutes
2022-01-06 07:51:58,589 auto_tester.py WARNING 96: [Testing Block] SNR=2 : BER=0.0015400
2022-01-06 07:51:58,590 auto_tester.py INFO 97: Time for one full iteration is 0.0992 minutes
2022-01-06 07:52:04,539 auto_tester.py WARNING 96: [Testing Block] SNR=3 : BER=0.0016000
2022-01-06 07:52:04,540 auto_tester.py INFO 97: Time for one full iteration is 0.0991 minutes
2022-01-06 07:52:10,493 auto_tester.py WARNING 96: [Testing Block] SNR=4 : BER=0.0016400
2022-01-06 07:52:10,493 auto_tester.py INFO 97: Time for one full iteration is 0.0992 minutes
2022-01-06 07:52:16,440 auto_tester.py WARNING 96: [Testing Block] SNR=5 : BER=0.0015200
2022-01-06 07:52:16,441 auto_tester.py INFO 97: Time for one full iteration is 0.0991 minutes
2022-01-06 07:52:22,473 auto_tester.py WARNING 96: [Testing Block] SNR=6 : BER=0.0016600
2022-01-06 07:52:22,474 auto_tester.py INFO 97: Time for one full iteration is 0.1005 minutes
2022-01-06 07:53:00,065 auto_tester.py INFO 45: test_conf_name : rm_m4_r1
2022-01-06 07:53:00,065 auto_tester.py INFO 46: Device : cuda
2022-01-06 07:53:00,065 auto_tester.py INFO 102: Testing code!!!!
2022-01-06 07:53:02,064 auto_tester.py INFO 120: Less go!
2022-01-06 07:53:06,227 auto_tester.py WARNING 96: [Testing Block] SNR=1 : BER=0.0015400
2022-01-06 07:53:06,227 auto_tester.py INFO 97: Time for one full iteration is 0.0693 minutes
2022-01-06 07:53:10,169 auto_tester.py WARNING 96: [Testing Block] SNR=2 : BER=0.0015400
2022-01-06 07:53:10,170 auto_tester.py INFO 97: Time for one full iteration is 0.0657 minutes
2022-01-06 07:53:14,098 auto_tester.py WARNING 96: [Testing Block] SNR=3 : BER=0.0016000
2022-01-06 07:53:14,099 auto_tester.py INFO 97: Time for one full iteration is 0.0655 minutes
2022-01-06 07:53:18,023 auto_tester.py WARNING 96: [Testing Block] SNR=4 : BER=0.0016400
2022-01-06 07:53:18,023 auto_tester.py INFO 97: Time for one full iteration is 0.0654 minutes
2022-01-06 07:53:21,952 auto_tester.py WARNING 96: [Testing Block] SNR=5 : BER=0.0015200
2022-01-06 07:53:21,952 auto_tester.py INFO 97: Time for one full iteration is 0.0655 minutes
2022-01-06 07:53:25,882 auto_tester.py WARNING 96: [Testing Block] SNR=6 : BER=0.0016600
2022-01-06 07:53:25,882 auto_tester.py INFO 97: Time for one full iteration is 0.0655 minutes
2022-01-06 07:54:59,004 auto_tester.py INFO 45: test_conf_name : rm_m4_r1
2022-01-06 07:54:59,004 auto_tester.py INFO 46: Device : cuda
2022-01-06 07:54:59,004 auto_tester.py INFO 102: Testing code!!!!
2022-01-06 07:55:01,021 auto_tester.py INFO 120: Less go!
2022-01-06 07:55:05,302 auto_tester.py WARNING 96: [Testing Block] SNR=1 : BER=0.0015400
2022-01-06 07:55:05,302 auto_tester.py INFO 97: Time for one full iteration is 0.0713 minutes
2022-01-06 07:55:09,361 auto_tester.py WARNING 96: [Testing Block] SNR=2 : BER=0.0015400
2022-01-06 07:55:09,362 auto_tester.py INFO 97: Time for one full iteration is 0.0676 minutes
2022-01-06 07:55:13,418 auto_tester.py WARNING 96: [Testing Block] SNR=3 : BER=0.0016000
2022-01-06 07:55:13,418 auto_tester.py INFO 97: Time for one full iteration is 0.0676 minutes
2022-01-06 07:55:17,458 auto_tester.py WARNING 96: [Testing Block] SNR=4 : BER=0.0016400
2022-01-06 07:55:17,459 auto_tester.py INFO 97: Time for one full iteration is 0.0673 minutes
2022-01-06 07:55:21,508 auto_tester.py WARNING 96: [Testing Block] SNR=5 : BER=0.0015200
2022-01-06 07:55:21,509 auto_tester.py INFO 97: Time for one full iteration is 0.0675 minutes
2022-01-06 07:55:25,555 auto_tester.py WARNING 96: [Testing Block] SNR=6 : BER=0.0016600
2022-01-06 07:55:25,556 auto_tester.py INFO 97: Time for one full iteration is 0.0674 minutes
2022-01-06 07:56:38,648 auto_tester.py INFO 45: test_conf_name : rm_m4_r1
2022-01-06 07:56:38,648 auto_tester.py INFO 46: Device : cuda
2022-01-06 07:56:38,648 auto_tester.py INFO 102: Testing code!!!!
2022-01-06 07:56:40,732 auto_tester.py INFO 120: Less go!
2022-01-06 07:57:48,034 auto_tester.py INFO 45: test_conf_name : rm_m4_r1
2022-01-06 07:57:48,034 auto_tester.py INFO 46: Device : cuda
2022-01-06 07:57:48,035 auto_tester.py INFO 104: Testing code!!!!
2022-01-06 07:57:50,101 auto_tester.py INFO 122: Less go!
2022-01-06 07:57:54,470 auto_tester.py WARNING 98: [Testing Block] SNR=1 : BER=0.0015400
2022-01-06 07:57:54,471 auto_tester.py INFO 99: Time for one full iteration is 0.0727 minutes
2022-01-06 07:57:58,614 auto_tester.py WARNING 98: [Testing Block] SNR=2 : BER=0.0015400
2022-01-06 07:57:58,615 auto_tester.py INFO 99: Time for one full iteration is 0.0690 minutes
2022-01-06 07:58:02,759 auto_tester.py WARNING 98: [Testing Block] SNR=3 : BER=0.0016000
2022-01-06 07:58:02,759 auto_tester.py INFO 99: Time for one full iteration is 0.0690 minutes
2022-01-06 07:58:06,917 auto_tester.py WARNING 98: [Testing Block] SNR=4 : BER=0.0016400
2022-01-06 07:58:06,918 auto_tester.py INFO 99: Time for one full iteration is 0.0693 minutes
2022-01-06 07:58:11,071 auto_tester.py WARNING 98: [Testing Block] SNR=5 : BER=0.0015200
2022-01-06 07:58:11,072 auto_tester.py INFO 99: Time for one full iteration is 0.0692 minutes
2022-01-06 07:58:15,190 auto_tester.py WARNING 98: [Testing Block] SNR=6 : BER=0.0016600
2022-01-06 07:58:15,190 auto_tester.py INFO 99: Time for one full iteration is 0.0686 minutes
2022-01-06 07:59:39,540 auto_tester.py INFO 45: test_conf_name : rm_m4_r1
2022-01-06 07:59:39,540 auto_tester.py INFO 46: Device : cuda
2022-01-06 07:59:39,541 auto_tester.py INFO 104: Testing code!!!!
2022-01-06 07:59:41,631 auto_tester.py INFO 122: Less go!
2022-01-06 07:59:45,896 auto_tester.py WARNING 98: [Testing Block] SNR=1 : BER=0.0015400
2022-01-06 07:59:45,896 auto_tester.py INFO 99: Time for one full iteration is 0.0710 minutes
2022-01-06 07:59:49,924 auto_tester.py WARNING 98: [Testing Block] SNR=2 : BER=0.0015400
2022-01-06 07:59:49,925 auto_tester.py INFO 99: Time for one full iteration is 0.0671 minutes
2022-01-06 07:59:54,015 auto_tester.py WARNING 98: [Testing Block] SNR=3 : BER=0.0016000
2022-01-06 07:59:54,015 auto_tester.py INFO 99: Time for one full iteration is 0.0681 minutes
2022-01-06 07:59:58,112 auto_tester.py WARNING 98: [Testing Block] SNR=4 : BER=0.0016400
2022-01-06 07:59:58,113 auto_tester.py INFO 99: Time for one full iteration is 0.0683 minutes
2022-01-06 08:00:02,194 auto_tester.py WARNING 98: [Testing Block] SNR=5 : BER=0.0015200
2022-01-06 08:00:02,195 auto_tester.py INFO 99: Time for one full iteration is 0.0680 minutes
2022-01-06 08:00:06,213 auto_tester.py WARNING 98: [Testing Block] SNR=6 : BER=0.0016600
2022-01-06 08:00:06,213 auto_tester.py INFO 99: Time for one full iteration is 0.0669 minutes
